<?xml version="1.0" encoding="UTF-8"?>
<!-- Generated by org.testng.reporters.JUnitReportReporter -->
<testsuite hostname="DESKTOP-QOQ0MIO" failures="0" tests="2" name="Meven.Framework_Practise.errorValidation" time="21.171" errors="0" timestamp="2024-02-03T17:52:23 BDT" skipped="0">
  <testcase classname="Meven.Framework_Practise.errorValidation" name="loginErrorValidation" time="9.963"/>
  <testcase classname="Meven.Framework_Practise.errorValidation" name="CartItemValodation" time="11.208"/>
</testsuite> <!-- Meven.Framework_Practise.errorValidation -->
